c:\users\mstrohmaier\desktop\part 2 - inheritance\part 2 - inheritance\debug\vc142.pdb
c:\users\mstrohmaier\desktop\part 2 - inheritance\part 2 - inheritance\debug\vc142.idb
c:\users\mstrohmaier\desktop\part 2 - inheritance\part 2 - inheritance\debug\tstclient.obj
c:\users\mstrohmaier\desktop\part 2 - inheritance\part 2 - inheritance\debug\ordlist.obj
c:\users\mstrohmaier\desktop\part 2 - inheritance\part 2 - inheritance\debug\abclistclass.obj
c:\users\mstrohmaier\documents\mega\plans\2020 fall\cis243\project 2\files\part 2 - inheritance\part 2 - inheritance\debug\vc142.pdb
c:\users\mstrohmaier\documents\mega\plans\2020 fall\cis243\project 2\files\part 2 - inheritance\part 2 - inheritance\debug\vc142.idb
c:\users\mstrohmaier\documents\mega\plans\2020 fall\cis243\project 2\files\part 2 - inheritance\part 2 - inheritance\debug\tstclient.obj
c:\users\mstrohmaier\documents\mega\plans\2020 fall\cis243\project 2\files\part 2 - inheritance\part 2 - inheritance\debug\ordlist.obj
c:\users\mstrohmaier\desktop\part 2 - inheritance\debug\part 2 - inheritance.exe
c:\users\mstrohmaier\desktop\part 2 - inheritance\debug\part 2 - inheritance.ilk
c:\users\mstrohmaier\desktop\part 2 - inheritance\debug\part 2 - inheritance.pdb
c:\users\mstrohmaier\documents\mega\plans\2020 fall\cis243\project 2\files\part 2 - inheritance\debug\part 2 - inheritance.exe
c:\users\mstrohmaier\documents\mega\plans\2020 fall\cis243\project 2\files\part 2 - inheritance\debug\part 2 - inheritance.ilk
c:\users\mstrohmaier\documents\mega\plans\2020 fall\cis243\project 2\files\part 2 - inheritance\debug\part 2 - inheritance.pdb
c:\users\mstrohmaier\documents\mega\plans\2020 fall\cis243\project 2\files\part 2 - inheritance\part 2 - inheritance\debug\abclistclass.obj
c:\users\mstrohmaier\documents\mega\plans\2020 fall\cis243\project 2\files\part 2 - inheritance\part 2 - inheritance\debug\part 2 -.1c172945.tlog\cl.command.1.tlog
c:\users\mstrohmaier\documents\mega\plans\2020 fall\cis243\project 2\files\part 2 - inheritance\part 2 - inheritance\debug\part 2 -.1c172945.tlog\cl.read.1.tlog
c:\users\mstrohmaier\documents\mega\plans\2020 fall\cis243\project 2\files\part 2 - inheritance\part 2 - inheritance\debug\part 2 -.1c172945.tlog\cl.write.1.tlog
c:\users\mstrohmaier\documents\mega\plans\2020 fall\cis243\project 2\files\part 2 - inheritance\part 2 - inheritance\debug\part 2 -.1c172945.tlog\link.command.1.tlog
c:\users\mstrohmaier\documents\mega\plans\2020 fall\cis243\project 2\files\part 2 - inheritance\part 2 - inheritance\debug\part 2 -.1c172945.tlog\link.read.1.tlog
c:\users\mstrohmaier\documents\mega\plans\2020 fall\cis243\project 2\files\part 2 - inheritance\part 2 - inheritance\debug\part 2 -.1c172945.tlog\link.write.1.tlog
